[logger] 2021-06-30T01:03:16.470Z POST /user/wxLogin - - - - ms
[logger] 2021-06-30T01:03:55.637Z POST /user/wxLogin - - - - ms
[logger] 2021-06-30T01:04:21.012Z POST /user/wxLogin - - - - ms
[logger] 2021-06-30T01:05:20.961Z POST /user/wxLogin - - - - ms
[logger] 2021-06-30T01:07:48.041Z POST /user/wxLogin 200 340 - 293.010 ms
[logger] 2021-06-30T01:07:48.278Z POST /cart/list 200 73 - 76.223 ms
[logger] 2021-06-30T01:07:48.282Z POST /cart/count 200 63 - 60.696 ms
[logger] 2021-06-30T01:07:48.299Z POST /sys/banner 200 399 - 56.690 ms
[logger] 2021-06-30T01:07:48.317Z POST /active/list 200 476 - 36.339 ms
[logger] 2021-06-30T01:07:48.322Z POST /search/hot/list 200 296 - 12.340 ms
[logger] 2021-06-30T01:07:48.325Z POST /product/listByRecommend 200 2528 - 63.156 ms
[logger] 2021-06-30T01:07:48.330Z POST /search/hot/list 200 296 - 2.055 ms
[logger] 2021-06-30T01:07:48.352Z POST /cart/list 200 73 - 2.382 ms
[logger] 2021-06-30T01:07:48.369Z POST /cart/count 200 63 - 2.413 ms
[logger] 2021-06-30T01:07:48.389Z POST /cart/list 200 73 - 3.000 ms
[logger] 2021-06-30T01:07:48.429Z POST /cart/count 200 63 - 2.037 ms
[logger] 2021-06-30T01:07:48.466Z POST /product/salesList 200 83 - 4.090 ms
[logger] 2021-06-30T01:07:48.584Z POST /active/list 200 476 - 1.591 ms
[logger] 2021-06-30T01:07:48.629Z POST /product/salesList 200 83 - 4.186 ms
[logger] 2021-06-30T01:07:56.748Z POST /product/productById 200 866 - 3.876 ms
[logger] 2021-06-30T01:07:56.761Z POST /cart/product/count 200 81 - 1.726 ms
[logger] 2021-06-30T01:07:56.782Z POST /product/listByRecommend 200 2528 - 4.936 ms
[logger] 2021-06-30T01:08:10.457Z POST /cart/list 200 73 - 2.594 ms
[logger] 2021-06-30T01:08:10.475Z POST /cart/count 200 63 - 3.143 ms
[logger] 2021-06-30T01:08:12.538Z POST /sort/list 200 456 - 96.297 ms
[logger] 2021-06-30T01:08:12.539Z POST /classify/list 200 432 - 79.129 ms
[logger] 2021-06-30T01:08:12.573Z POST /product/listByClassify 200 820 - 2.730 ms
[logger] 2021-06-30T01:08:22.501Z POST /product/listByClassify 200 6613 - 2.469 ms
[logger] 2021-06-30T01:08:23.641Z POST /product/listByClassify 200 83 - 1.921 ms
[logger] 2021-06-30T01:08:27.014Z POST /product/listByClassify 200 6613 - 4.017 ms
[logger] 2021-06-30T01:08:27.833Z POST /product/listByClassify 200 83 - 1.534 ms
[logger] 2021-06-30T01:08:29.428Z POST /product/listByClassify 200 820 - 2.792 ms
[logger] 2021-06-30T01:08:32.498Z POST /product/listByClassify 200 820 - 1.970 ms
[logger] 2021-06-30T01:08:33.942Z POST /product/listByClassify 200 820 - 3.061 ms
[logger] 2021-06-30T01:08:35.426Z POST /product/listByClassify 200 820 - 3.465 ms
[logger] 2021-06-30T01:08:42.013Z POST /product/listByClassify 200 820 - 2.072 ms
[logger] 2021-06-30T01:09:27.029Z POST /product/listByClassify 200 6613 - 2.758 ms
[logger] 2021-06-30T01:09:27.820Z POST /product/listByClassify 200 83 - 1.298 ms
[logger] 2021-06-30T01:09:30.194Z POST /product/listByClassify 200 6613 - 2.742 ms
[logger] 2021-06-30T01:09:31.684Z POST /product/listByClassify 200 83 - 1.713 ms
[logger] 2021-06-30T01:09:33.679Z POST /product/listByClassify 200 6613 - 3.811 ms
[logger] 2021-06-30T01:09:35.102Z POST /product/listByClassify 200 83 - 1.664 ms
[logger] 2021-06-30T01:09:37.012Z POST /product/listByClassify 200 820 - 2.867 ms
[logger] 2021-06-30T01:12:11.768Z POST /product/listByClassify 200 6613 - 4.532 ms
[logger] 2021-06-30T01:12:13.863Z POST /product/listByClassify 200 83 - 2.117 ms
[logger] 2021-06-30T01:12:16.618Z POST /product/listByClassify 200 820 - 2.921 ms
[logger] 2021-06-30T01:12:18.526Z POST /product/listByClassify 200 820 - 2.064 ms
[logger] 2021-06-30T01:12:19.373Z POST /product/listByClassify 200 820 - 4.612 ms
[logger] 2021-06-30T01:12:34.103Z POST /user/wxLogin 200 340 - 314.162 ms
[logger] 2021-06-30T01:12:34.279Z POST /cart/list 200 73 - 1.706 ms
[logger] 2021-06-30T01:12:34.297Z POST /cart/count 200 63 - 1.934 ms
[logger] 2021-06-30T01:12:34.321Z POST /sys/banner 200 399 - 2.778 ms
[logger] 2021-06-30T01:12:34.340Z POST /product/listByRecommend 200 2528 - 4.651 ms
[logger] 2021-06-30T01:12:34.355Z POST /active/list 200 476 - 1.854 ms
[logger] 2021-06-30T01:12:34.385Z POST /search/hot/list 200 296 - 1.808 ms
[logger] 2021-06-30T01:12:34.398Z POST /search/hot/list 200 296 - 2.720 ms
[logger] 2021-06-30T01:12:34.418Z POST /cart/list 200 73 - 1.775 ms
[logger] 2021-06-30T01:12:34.432Z POST /cart/count 200 63 - 1.707 ms
[logger] 2021-06-30T01:12:34.450Z POST /cart/list 200 73 - 2.439 ms
[logger] 2021-06-30T01:12:34.477Z POST /cart/count 200 63 - 1.613 ms
[logger] 2021-06-30T01:12:34.512Z POST /product/salesList 200 83 - 1.828 ms
[logger] 2021-06-30T01:12:34.577Z POST /active/list 200 476 - 1.481 ms
[logger] 2021-06-30T01:12:34.618Z POST /product/salesList 200 83 - 4.222 ms
[logger] 2021-06-30T01:12:35.732Z POST /sort/list 200 456 - 1.549 ms
[logger] 2021-06-30T01:12:35.753Z POST /classify/list 200 432 - 2.029 ms
[logger] 2021-06-30T01:12:35.786Z POST /product/listByClassify 200 820 - 3.625 ms
[logger] 2021-06-30T01:12:44.490Z POST /user/wxLogin 200 340 - 272.922 ms
[logger] 2021-06-30T01:12:44.674Z POST /cart/list 200 73 - 2.120 ms
[logger] 2021-06-30T01:12:44.695Z POST /cart/count 200 63 - 1.894 ms
[logger] 2021-06-30T01:12:44.720Z POST /sys/banner 200 399 - 2.311 ms
[logger] 2021-06-30T01:12:44.741Z POST /product/listByRecommend 200 2528 - 3.733 ms
[logger] 2021-06-30T01:12:44.769Z POST /active/list 200 476 - 2.041 ms
[logger] 2021-06-30T01:12:44.792Z POST /search/hot/list 200 296 - 2.877 ms
[logger] 2021-06-30T01:12:44.809Z POST /search/hot/list 200 296 - 1.641 ms
[logger] 2021-06-30T01:12:44.833Z POST /cart/list 200 73 - 3.924 ms
[logger] 2021-06-30T01:12:44.850Z POST /cart/count 200 63 - 3.063 ms
[logger] 2021-06-30T01:12:44.871Z POST /cart/list 200 73 - 2.219 ms
[logger] 2021-06-30T01:12:44.904Z POST /cart/count 200 63 - 1.561 ms
[logger] 2021-06-30T01:12:44.941Z POST /product/salesList 200 83 - 2.111 ms
[logger] 2021-06-30T01:12:44.995Z POST /active/list 200 476 - 2.059 ms
[logger] 2021-06-30T01:12:45.040Z POST /product/salesList 200 83 - 2.488 ms
[logger] 2021-06-30T01:12:46.904Z POST /sort/list 200 456 - 2.821 ms
[logger] 2021-06-30T01:12:46.924Z POST /classify/list 200 432 - 1.452 ms
[logger] 2021-06-30T01:12:46.955Z POST /product/listByClassify 200 820 - 2.091 ms
[logger] 2021-06-30T01:12:47.761Z POST /product/productById 200 789 - 1.814 ms
[logger] 2021-06-30T01:12:47.776Z POST /cart/product/count 200 81 - 1.460 ms
[logger] 2021-06-30T01:12:47.820Z POST /product/listByRecommend 200 2528 - 4.403 ms
[logger] 2021-06-30T01:13:45.769Z POST /user/wxLogin 200 340 - 317.661 ms
[logger] 2021-06-30T01:13:46.019Z POST /cart/list 200 73 - 5.069 ms
[logger] 2021-06-30T01:13:46.036Z POST /cart/count 200 63 - 2.510 ms
[logger] 2021-06-30T01:13:46.097Z POST /sys/banner 200 399 - 2.035 ms
[logger] 2021-06-30T01:13:46.142Z POST /product/listByRecommend 200 2528 - 6.364 ms
[logger] 2021-06-30T01:13:46.159Z POST /active/list 200 476 - 2.193 ms
[logger] 2021-06-30T01:13:46.194Z POST /search/hot/list 200 296 - 1.954 ms
[logger] 2021-06-30T01:13:46.211Z POST /search/hot/list 200 296 - 3.803 ms
[logger] 2021-06-30T01:13:46.240Z POST /cart/list 200 73 - 3.248 ms
[logger] 2021-06-30T01:13:46.256Z POST /cart/count 200 63 - 1.838 ms
[logger] 2021-06-30T01:13:46.288Z POST /cart/list 200 73 - 3.534 ms
[logger] 2021-06-30T01:13:46.321Z POST /cart/count 200 63 - 4.705 ms
[logger] 2021-06-30T01:13:46.354Z POST /product/salesList 200 83 - 2.311 ms
[logger] 2021-06-30T01:13:46.490Z POST /active/list 200 476 - 2.102 ms
[logger] 2021-06-30T01:13:46.526Z POST /product/salesList 200 83 - 1.786 ms
[logger] 2021-06-30T01:13:50.240Z POST /sort/list 200 456 - 1.327 ms
[logger] 2021-06-30T01:13:50.259Z POST /classify/list 200 432 - 1.291 ms
[logger] 2021-06-30T01:13:50.292Z POST /product/listByClassify 200 820 - 2.102 ms
[logger] 2021-06-30T01:13:51.507Z POST /product/productById 200 789 - 2.031 ms
[logger] 2021-06-30T01:13:51.526Z POST /cart/product/count 200 81 - 5.619 ms
[logger] 2021-06-30T01:13:51.548Z POST /product/listByRecommend 200 2528 - 5.360 ms
[logger] 2021-06-30T01:14:25.687Z POST /user/wxLogin 200 340 - 286.894 ms
[logger] 2021-06-30T01:14:25.859Z POST /cart/list 200 73 - 1.582 ms
[logger] 2021-06-30T01:14:25.876Z POST /cart/count 200 63 - 1.890 ms
[logger] 2021-06-30T01:14:25.895Z POST /sys/banner 200 399 - 1.509 ms
[logger] 2021-06-30T01:14:25.912Z POST /product/listByRecommend 200 2528 - 3.967 ms
[logger] 2021-06-30T01:14:25.928Z POST /active/list 200 476 - 1.883 ms
[logger] 2021-06-30T01:14:25.942Z POST /search/hot/list 200 296 - 1.423 ms
[logger] 2021-06-30T01:14:25.962Z POST /search/hot/list 200 296 - 3.524 ms
[logger] 2021-06-30T01:14:25.984Z POST /cart/list 200 73 - 2.069 ms
[logger] 2021-06-30T01:14:26.002Z POST /cart/count 200 63 - 2.134 ms
[logger] 2021-06-30T01:14:26.023Z POST /cart/list 200 73 - 4.678 ms
[logger] 2021-06-30T01:14:26.054Z POST /cart/count 200 63 - 1.676 ms
[logger] 2021-06-30T01:14:26.091Z POST /product/salesList 200 83 - 2.377 ms
[logger] 2021-06-30T01:14:26.249Z POST /active/list 200 476 - 1.697 ms
[logger] 2021-06-30T01:14:26.278Z POST /product/salesList 200 83 - 2.258 ms
[logger] 2021-06-30T01:14:30.750Z POST /user/wxLogin 200 340 - 252.009 ms
[logger] 2021-06-30T01:14:30.959Z POST /cart/list 200 73 - 3.521 ms
[logger] 2021-06-30T01:14:30.976Z POST /cart/count 200 63 - 1.868 ms
[logger] 2021-06-30T01:14:30.995Z POST /sys/banner 200 399 - 1.681 ms
[logger] 2021-06-30T01:14:31.015Z POST /product/listByRecommend 200 2528 - 4.833 ms
[logger] 2021-06-30T01:14:31.033Z POST /active/list 200 476 - 4.388 ms
[logger] 2021-06-30T01:14:31.047Z POST /search/hot/list 200 296 - 1.441 ms
[logger] 2021-06-30T01:14:31.065Z POST /search/hot/list 200 296 - 1.863 ms
[logger] 2021-06-30T01:14:31.090Z POST /cart/list 200 73 - 2.159 ms
[logger] 2021-06-30T01:14:31.104Z POST /cart/count 200 63 - 1.418 ms
[logger] 2021-06-30T01:14:31.130Z POST /cart/list 200 73 - 7.855 ms
[logger] 2021-06-30T01:14:31.157Z POST /cart/count 200 63 - 1.841 ms
[logger] 2021-06-30T01:14:31.188Z POST /product/salesList 200 83 - 2.243 ms
[logger] 2021-06-30T01:14:31.670Z POST /active/list 200 476 - 1.811 ms
[logger] 2021-06-30T01:14:31.763Z POST /product/salesList 200 83 - 1.405 ms
[logger] 2021-06-30T01:14:33.231Z POST /sort/list 200 456 - 1.275 ms
[logger] 2021-06-30T01:14:33.250Z POST /classify/list 200 432 - 1.137 ms
[logger] 2021-06-30T01:14:33.280Z POST /product/listByClassify 200 820 - 2.094 ms
[logger] 2021-06-30T01:14:34.356Z POST /product/productById 200 789 - 1.955 ms
[logger] 2021-06-30T01:14:34.374Z POST /cart/product/count 200 81 - 3.516 ms
[logger] 2021-06-30T01:14:34.399Z POST /product/listByRecommend 200 2528 - 6.708 ms
[logger] 2021-06-30T01:14:55.899Z POST /user/wxLogin 200 340 - 280.834 ms
[logger] 2021-06-30T01:14:56.130Z POST /cart/list 200 73 - 2.087 ms
[logger] 2021-06-30T01:14:56.155Z POST /cart/count 200 63 - 4.096 ms
[logger] 2021-06-30T01:14:56.178Z POST /sys/banner 200 399 - 1.740 ms
[logger] 2021-06-30T01:14:56.213Z POST /product/listByRecommend 200 2528 - 3.598 ms
[logger] 2021-06-30T01:14:56.232Z POST /active/list 200 476 - 3.383 ms
[logger] 2021-06-30T01:14:56.252Z POST /search/hot/list 200 296 - 1.484 ms
[logger] 2021-06-30T01:14:56.267Z POST /search/hot/list 200 296 - 1.850 ms
[logger] 2021-06-30T01:14:56.292Z POST /cart/list 200 73 - 2.112 ms
[logger] 2021-06-30T01:14:56.305Z POST /cart/count 200 63 - 1.463 ms
[logger] 2021-06-30T01:14:56.326Z POST /cart/list 200 73 - 1.929 ms
[logger] 2021-06-30T01:14:56.369Z POST /cart/count 200 63 - 2.687 ms
[logger] 2021-06-30T01:14:56.398Z POST /product/salesList 200 83 - 3.688 ms
[logger] 2021-06-30T01:14:56.506Z POST /active/list 200 476 - 1.104 ms
[logger] 2021-06-30T01:14:56.530Z POST /product/salesList 200 83 - 1.349 ms
[logger] 2021-06-30T01:15:02.896Z POST /user/wxLogin 200 340 - 274.505 ms
[logger] 2021-06-30T01:15:03.036Z POST /cart/list 200 73 - 2.292 ms
[logger] 2021-06-30T01:15:03.051Z POST /cart/count 200 63 - 1.438 ms
[logger] 2021-06-30T01:15:03.068Z POST /sys/banner 200 399 - 1.793 ms
[logger] 2021-06-30T01:15:03.082Z POST /product/listByRecommend 200 2528 - 2.646 ms
[logger] 2021-06-30T01:15:03.095Z POST /active/list 200 476 - 1.464 ms
[logger] 2021-06-30T01:15:03.109Z POST /search/hot/list 200 296 - 1.683 ms
[logger] 2021-06-30T01:15:03.126Z POST /search/hot/list 200 296 - 1.072 ms
[logger] 2021-06-30T01:15:03.145Z POST /cart/list 200 73 - 1.658 ms
[logger] 2021-06-30T01:15:03.158Z POST /cart/count 200 63 - 1.204 ms
[logger] 2021-06-30T01:15:03.175Z POST /cart/list 200 73 - 1.444 ms
[logger] 2021-06-30T01:15:03.200Z POST /cart/count 200 63 - 1.664 ms
[logger] 2021-06-30T01:15:03.234Z POST /product/salesList 200 83 - 1.722 ms
[logger] 2021-06-30T01:15:03.469Z POST /active/list 200 476 - 1.559 ms
[logger] 2021-06-30T01:15:03.596Z POST /product/salesList 200 83 - 2.832 ms
[logger] 2021-06-30T01:15:05.768Z POST /sort/list 200 456 - 2.408 ms
[logger] 2021-06-30T01:15:05.787Z POST /classify/list 200 432 - 1.452 ms
[logger] 2021-06-30T01:15:05.820Z POST /product/listByClassify 200 820 - 1.909 ms
[logger] 2021-06-30T01:15:06.930Z POST /product/productById 200 789 - 1.894 ms
[logger] 2021-06-30T01:15:06.943Z POST /cart/product/count 200 81 - 1.622 ms
[logger] 2021-06-30T01:15:06.983Z POST /product/listByRecommend 200 2528 - 5.345 ms
[logger] 2021-06-30T01:17:05.581Z POST /user/wxLogin 200 340 - 262.004 ms
[logger] 2021-06-30T01:17:05.773Z POST /cart/list 200 73 - 1.746 ms
[logger] 2021-06-30T01:17:05.814Z POST /cart/count 200 63 - 1.677 ms
[logger] 2021-06-30T01:17:05.834Z POST /sys/banner 200 399 - 1.522 ms
[logger] 2021-06-30T01:17:05.857Z POST /product/listByRecommend 200 2528 - 5.104 ms
[logger] 2021-06-30T01:17:05.873Z POST /active/list 200 476 - 1.993 ms
[logger] 2021-06-30T01:17:05.899Z POST /search/hot/list 200 296 - 1.587 ms
[logger] 2021-06-30T01:17:05.913Z POST /search/hot/list 200 296 - 1.228 ms
[logger] 2021-06-30T01:17:05.935Z POST /cart/list 200 73 - 3.883 ms
[logger] 2021-06-30T01:17:05.948Z POST /cart/count 200 63 - 1.361 ms
[logger] 2021-06-30T01:17:05.963Z POST /cart/list 200 73 - 1.518 ms
[logger] 2021-06-30T01:17:05.998Z POST /cart/count 200 63 - 2.258 ms
[logger] 2021-06-30T01:17:06.036Z POST /product/salesList 200 83 - 2.367 ms
[logger] 2021-06-30T01:17:06.095Z POST /active/list 200 476 - 1.940 ms
[logger] 2021-06-30T01:17:06.140Z POST /product/salesList 200 83 - 2.014 ms
[logger] 2021-06-30T01:17:06.949Z POST /sort/list 200 456 - 1.740 ms
[logger] 2021-06-30T01:17:06.966Z POST /classify/list 200 432 - 1.260 ms
[logger] 2021-06-30T01:17:06.996Z POST /product/listByClassify 200 811 - 1.865 ms
[logger] 2021-06-30T01:17:07.732Z POST /product/productById 200 780 - 2.624 ms
[logger] 2021-06-30T01:17:07.747Z POST /cart/product/count 200 81 - 1.796 ms
[logger] 2021-06-30T01:17:07.772Z POST /product/listByRecommend 200 2528 - 4.493 ms
[logger] 2021-06-30T06:03:10.959Z GET //temp/images/1625032945494.png 401 38 - 5.199 ms
[logger] 2021-06-30T06:03:11.100Z GET /favicon.ico 401 38 - 0.515 ms
[logger] 2021-06-30T06:03:14.225Z GET /temp/images/1625032945494.png 401 38 - 6.157 ms
[logger] 2021-06-30T06:03:14.259Z GET /favicon.ico 401 38 - 0.210 ms
[logger] 2021-06-30T08:32:09.977Z GET //temp/images/1625041893229.png 401 38 - 1.144 ms
[logger] 2021-06-30T08:32:10.021Z GET /favicon.ico 401 38 - 0.512 ms
[logger] 2021-06-30T08:32:14.976Z GET /temp/images/1625041893229.png 401 38 - 1.095 ms
[logger] 2021-06-30T08:32:15.007Z GET /favicon.ico 401 38 - 0.307 ms
[logger] 2021-06-30T08:32:56.875Z GET /temp/images/1625041893229.png 401 38 - 0.779 ms
[logger] 2021-06-30T08:32:56.915Z GET /favicon.ico 401 38 - 0.346 ms
[logger] 2021-06-30T08:32:58.872Z GET /temp/images/1625041893229.png 401 38 - 0.543 ms
[logger] 2021-06-30T08:32:58.898Z GET /favicon.ico 401 38 - 0.296 ms
[logger] 2021-06-30T08:32:59.624Z GET /temp/images/1625041893229.png 401 38 - 118.562 ms
[logger] 2021-06-30T08:32:59.652Z GET /favicon.ico 401 38 - 0.249 ms
[logger] 2021-06-30T08:32:59.661Z GET /temp/images/1625041893229.png 401 38 - 0.437 ms
[logger] 2021-06-30T08:32:59.696Z GET /favicon.ico 401 38 - 0.273 ms
[logger] 2021-06-30T08:32:59.816Z GET /temp/images/1625041893229.png 401 38 - 0.571 ms
[logger] 2021-06-30T08:32:59.851Z GET /favicon.ico 401 38 - 0.626 ms
[logger] 2021-06-30T08:32:59.969Z GET /temp/images/1625041893229.png 401 38 - 0.438 ms
[logger] 2021-06-30T08:32:59.996Z GET /favicon.ico 401 38 - 0.203 ms
[logger] 2021-06-30T08:33:00.203Z GET /temp/images/1625041893229.png 401 38 - 2.245 ms
[logger] 2021-06-30T08:33:00.244Z GET /favicon.ico 401 38 - 0.239 ms
[logger] 2021-06-30T08:33:01.066Z GET /temp/images/1625041893229.png 401 38 - 0.508 ms
[logger] 2021-06-30T08:33:01.095Z GET /favicon.ico 401 38 - 0.341 ms
[logger] 2021-06-30T08:33:01.292Z GET /temp/images/1625041893229.png 401 38 - 1.252 ms
[logger] 2021-06-30T08:33:01.321Z GET /favicon.ico 401 38 - 0.259 ms
[logger] 2021-06-30T08:33:01.493Z GET /temp/images/1625041893229.png 401 38 - 0.558 ms
[logger] 2021-06-30T08:33:01.524Z GET /favicon.ico 401 38 - 0.278 ms
[logger] 2021-06-30T08:33:01.635Z GET /temp/images/1625041893229.png 401 38 - 0.548 ms
[logger] 2021-06-30T08:33:01.675Z GET /favicon.ico 401 38 - 0.249 ms
[logger] 2021-06-30T08:33:01.811Z GET /temp/images/1625041893229.png 401 38 - 2.087 ms
[logger] 2021-06-30T08:33:01.863Z GET /favicon.ico 401 38 - 0.411 ms
[logger] 2021-06-30T08:33:01.943Z GET /temp/images/1625041893229.png 401 38 - 0.469 ms
[logger] 2021-06-30T08:33:01.974Z GET /favicon.ico 401 38 - 0.211 ms
[logger] 2021-06-30T08:33:02.170Z GET /temp/images/1625041893229.png 401 38 - 2.338 ms
[logger] 2021-06-30T08:33:02.243Z GET /favicon.ico 401 38 - 0.414 ms
[logger] 2021-06-30T08:33:02.912Z GET /temp/images/1625041893229.png 401 38 - 0.448 ms
[logger] 2021-06-30T08:33:02.940Z GET /favicon.ico 401 38 - 0.195 ms
[logger] 2021-06-30T08:33:03.072Z GET /temp/images/1625041893229.png 401 38 - 0.503 ms
[logger] 2021-06-30T08:33:03.097Z GET /favicon.ico 401 38 - 0.231 ms
[logger] 2021-06-30T08:33:03.238Z GET /temp/images/1625041893229.png 401 38 - 0.464 ms
[logger] 2021-06-30T08:33:03.266Z GET /favicon.ico 401 38 - 0.343 ms
[logger] 2021-06-30T08:33:03.462Z GET /temp/images/1625041893229.png 401 38 - 1.345 ms
[logger] 2021-06-30T08:33:03.507Z GET /favicon.ico 401 38 - 0.331 ms
[logger] 2021-06-30T08:33:26.757Z GET /temp/images/1625041893229.png 401 38 - 0.784 ms
[logger] 2021-06-30T08:33:26.793Z GET /favicon.ico 401 38 - 0.232 ms
[logger] 2021-06-30T08:34:06.568Z GET /temp/images/1625041893229.png 401 38 - 1.168 ms
[logger] 2021-06-30T08:34:06.600Z GET /favicon.ico 401 38 - 0.329 ms
[logger] 2021-06-30T08:34:35.673Z GET /temp/images/1625041893229.png 401 38 - 0.516 ms
[logger] 2021-06-30T08:34:35.700Z GET /favicon.ico 401 38 - 0.220 ms
[logger] 2021-06-30T08:39:14.080Z GET /temp/images/1625041893229.png 401 38 - 0.804 ms
[logger] 2021-06-30T08:39:14.108Z GET /favicon.ico 401 38 - 0.223 ms
[logger] 2021-06-30T08:39:14.990Z GET /temp/images/1625041893229.png 401 38 - 0.416 ms
[logger] 2021-06-30T08:39:15.017Z GET /favicon.ico 401 38 - 0.209 ms
[logger] 2021-06-30T08:39:15.141Z GET /temp/images/1625041893229.png 401 38 - 0.425 ms
[logger] 2021-06-30T08:39:15.168Z GET /favicon.ico 401 38 - 0.209 ms
[logger] 2021-06-30T08:39:15.308Z GET /temp/images/1625041893229.png 401 38 - 0.427 ms
[logger] 2021-06-30T08:39:15.337Z GET /favicon.ico 401 38 - 0.199 ms
[logger] 2021-06-30T08:39:15.452Z GET /temp/images/1625041893229.png 401 38 - 0.451 ms
[logger] 2021-06-30T08:39:15.481Z GET /favicon.ico 401 38 - 0.333 ms
[logger] 2021-06-30T08:39:15.621Z GET /temp/images/1625041893229.png 401 38 - 0.842 ms
[logger] 2021-06-30T08:39:15.659Z GET /favicon.ico 401 38 - 0.483 ms
[logger] 2021-06-30T08:39:15.785Z GET /temp/images/1625041893229.png 401 38 - 0.438 ms
[logger] 2021-06-30T08:39:15.834Z GET /favicon.ico 401 38 - 0.327 ms
[logger] 2021-06-30T08:39:15.947Z GET /temp/images/1625041893229.png 401 38 - 0.476 ms
[logger] 2021-06-30T08:39:15.979Z GET /favicon.ico 401 38 - 0.198 ms
[logger] 2021-06-30T08:39:16.145Z GET /temp/images/1625041893229.png 401 38 - 1.498 ms
[logger] 2021-06-30T08:39:16.183Z GET /favicon.ico 401 38 - 0.201 ms
[logger] 2021-06-30T08:39:16.336Z GET /temp/images/1625041893229.png 401 38 - 1.423 ms
[logger] 2021-06-30T08:39:16.364Z GET /favicon.ico 401 38 - 0.383 ms
[logger] 2021-06-30T08:39:33.937Z GET /temp/images/1625041893229.png 401 38 - 0.551 ms
[logger] 2021-06-30T08:39:33.986Z GET /favicon.ico 401 38 - 0.243 ms
[logger] 2021-06-30T08:39:34.600Z GET /temp/images/1625041893229.png 401 38 - 0.472 ms
[logger] 2021-06-30T08:39:34.627Z GET /favicon.ico 401 38 - 0.619 ms
[logger] 2021-06-30T08:39:34.762Z GET /temp/images/1625041893229.png 401 38 - 0.585 ms
[logger] 2021-06-30T08:39:34.790Z GET /favicon.ico 401 38 - 0.216 ms
[logger] 2021-06-30T08:39:34.907Z GET /temp/images/1625041893229.png 401 38 - 0.906 ms
[logger] 2021-06-30T08:39:34.947Z GET /favicon.ico 401 38 - 0.266 ms
[logger] 2021-06-30T08:39:35.055Z GET /temp/images/1625041893229.png 401 38 - 0.596 ms
[logger] 2021-06-30T08:39:35.088Z GET /favicon.ico 401 38 - 0.370 ms
[logger] 2021-06-30T08:39:35.245Z GET /temp/images/1625041893229.png 401 38 - 1.931 ms
[logger] 2021-06-30T08:39:35.295Z GET /favicon.ico 401 38 - 0.205 ms
[logger] 2021-06-30T08:39:35.390Z GET /temp/images/1625041893229.png 401 38 - 0.548 ms
[logger] 2021-06-30T08:39:35.418Z GET /favicon.ico 401 38 - 0.298 ms
[logger] 2021-06-30T08:39:35.558Z GET /temp/images/1625041893229.png 401 38 - 1.354 ms
[logger] 2021-06-30T08:39:35.598Z GET /favicon.ico 401 38 - 0.334 ms
[logger] 2021-06-30T08:39:35.734Z GET /temp/images/1625041893229.png 401 38 - 2.190 ms
[logger] 2021-06-30T08:39:35.782Z GET /favicon.ico 401 38 - 1.604 ms
[logger] 2021-06-30T08:39:35.896Z GET /temp/images/1625041893229.png 401 38 - 2.002 ms
[logger] 2021-06-30T08:39:35.940Z GET /favicon.ico 401 38 - 0.560 ms
[logger] 2021-06-30T08:39:36.111Z GET /temp/images/1625041893229.png 401 38 - 1.941 ms
[logger] 2021-06-30T08:39:36.160Z GET /favicon.ico 401 38 - 0.243 ms
[logger] 2021-06-30T08:39:36.701Z GET /temp/images/1625041893229.png 401 38 - 1.145 ms
[logger] 2021-06-30T08:39:36.730Z GET /favicon.ico 401 38 - 0.223 ms
[logger] 2021-06-30T08:39:36.851Z GET /temp/images/1625041893229.png 401 38 - 0.436 ms
[logger] 2021-06-30T08:39:36.877Z GET /favicon.ico 401 38 - 0.209 ms
[logger] 2021-06-30T08:39:37.064Z GET /temp/images/1625041893229.png 401 38 - 0.497 ms
[logger] 2021-06-30T08:39:37.093Z GET /favicon.ico 401 38 - 0.656 ms
[logger] 2021-06-30T08:39:41.355Z GET /temp/images/1625041893229.png 401 38 - 0.488 ms
[logger] 2021-06-30T08:39:41.407Z GET /favicon.ico 401 38 - 0.210 ms
[logger] 2021-06-30T08:39:42.204Z GET /temp/images/1625041893229.png 401 38 - 0.660 ms
[logger] 2021-06-30T08:39:42.254Z GET /favicon.ico 401 38 - 0.318 ms
[logger] 2021-06-30T08:39:42.485Z GET /temp/images/1625041893229.png 401 38 - 118.022 ms
[logger] 2021-06-30T08:39:42.545Z GET /favicon.ico 401 38 - 0.336 ms
[logger] 2021-06-30T08:39:42.552Z GET /temp/images/1625041893229.png 401 38 - 0.567 ms
[logger] 2021-06-30T08:39:42.674Z GET /favicon.ico 401 38 - 0.213 ms
[logger] 2021-06-30T08:39:42.772Z GET /temp/images/1625041893229.png 401 38 - 4.189 ms
[logger] 2021-06-30T08:39:42.842Z GET /favicon.ico 401 38 - 0.261 ms
[logger] 2021-06-30T08:39:42.944Z GET /temp/images/1625041893229.png 401 38 - 0.481 ms
[logger] 2021-06-30T08:39:42.995Z GET /favicon.ico 401 38 - 0.336 ms
[logger] 2021-06-30T08:39:43.101Z GET /temp/images/1625041893229.png 401 38 - 0.417 ms
[logger] 2021-06-30T08:39:43.156Z GET /favicon.ico 401 38 - 0.219 ms
[logger] 2021-06-30T08:39:43.293Z GET /temp/images/1625041893229.png 401 38 - 1.076 ms
[logger] 2021-06-30T08:39:43.347Z GET /favicon.ico 401 38 - 0.220 ms
[logger] 2021-06-30T08:39:43.448Z GET /temp/images/1625041893229.png 401 38 - 0.458 ms
[logger] 2021-06-30T08:39:43.497Z GET /favicon.ico 401 38 - 0.220 ms
[logger] 2021-06-30T08:39:43.662Z GET /temp/images/1625041893229.png 401 38 - 0.492 ms
[logger] 2021-06-30T08:39:43.714Z GET /favicon.ico 401 38 - 0.259 ms
[logger] 2021-06-30T08:41:58.937Z GET /temp/images/1625041893229.png 401 38 - 1.047 ms
