[logger] 2021-07-01T08:57:29.499Z POST /user/wxLogin 200 340 - 519.154 ms
[logger] 2021-07-01T08:57:33.019Z POST /user/wxLogin 200 340 - 281.738 ms
[logger] 2021-07-01T08:57:33.448Z POST /cart/list 200 73 - 98.130 ms
[logger] 2021-07-01T08:57:33.455Z POST /cart/count 200 63 - 86.171 ms
[logger] 2021-07-01T08:57:33.458Z POST /sys/banner 200 399 - 74.522 ms
[logger] 2021-07-01T08:57:33.464Z POST /active/list 200 476 - 49.183 ms
[logger] 2021-07-01T08:57:33.464Z POST /search/hot/list 200 296 - 37.420 ms
[logger] 2021-07-01T08:57:33.466Z POST /search/hot/list 200 296 - 13.210 ms
[logger] 2021-07-01T08:57:33.480Z POST /cart/list 200 73 - 18.129 ms
[logger] 2021-07-01T08:57:33.481Z POST /product/listByRecommend 200 2528 - 82.309 ms
[logger] 2021-07-01T08:57:33.482Z POST /cart/count 200 63 - 5.250 ms
[logger] 2021-07-01T08:57:33.493Z POST /cart/list 200 73 - 1.923 ms
[logger] 2021-07-01T08:57:33.516Z POST /cart/count 200 63 - 1.843 ms
[logger] 2021-07-01T08:57:33.553Z POST /product/salesList 200 83 - 3.134 ms
[logger] 2021-07-01T08:57:34.073Z POST /active/list 200 476 - 2.255 ms
[logger] 2021-07-01T08:57:34.102Z POST /product/salesList 200 83 - 1.780 ms
[logger] 2021-07-01T08:57:44.195Z POST /product/productById 200 866 - 2.666 ms
[logger] 2021-07-01T08:57:44.220Z POST /cart/product/count 200 81 - 3.966 ms
[logger] 2021-07-01T08:57:44.244Z POST /product/listByRecommend 200 2528 - 4.807 ms
[logger] 2021-07-01T08:57:46.764Z POST /cart/list 200 73 - 1.863 ms
[logger] 2021-07-01T08:57:46.781Z POST /cart/count 200 63 - 2.075 ms
[logger] 2021-07-01T08:57:48.250Z POST /sort/list 200 456 - 3.635 ms
[logger] 2021-07-01T08:57:48.273Z POST /classify/list 200 432 - 3.972 ms
[logger] 2021-07-01T08:57:48.310Z POST /product/listByClassify 200 834 - 2.710 ms
[logger] 2021-07-01T08:57:49.868Z POST /product/productById 200 803 - 2.455 ms
[logger] 2021-07-01T08:57:49.882Z POST /cart/product/count 200 81 - 2.888 ms
[logger] 2021-07-01T08:57:49.905Z POST /product/listByRecommend 200 2528 - 5.658 ms
[logger] 2021-07-01T08:59:21.678Z POST /cart/list 200 73 - 3.234 ms
[logger] 2021-07-01T08:59:21.693Z POST /cart/count 200 63 - 2.088 ms
[logger] 2021-07-01T08:59:28.106Z POST /sort/list 200 456 - 2.003 ms
[logger] 2021-07-01T08:59:28.125Z POST /classify/list 200 432 - 1.799 ms
[logger] 2021-07-01T08:59:28.158Z POST /product/listByClassify 200 834 - 3.061 ms
[logger] 2021-07-01T09:01:59.922Z POST /user/wxLogin 200 340 - 510.821 ms
[logger] 2021-07-01T09:02:00.052Z POST /cart/list 200 73 - 1.585 ms
[logger] 2021-07-01T09:02:00.069Z POST /cart/count 200 63 - 1.949 ms
[logger] 2021-07-01T09:02:00.087Z POST /sys/banner 200 399 - 1.745 ms
[logger] 2021-07-01T09:02:00.108Z POST /product/listByRecommend 200 2528 - 6.251 ms
[logger] 2021-07-01T09:02:00.119Z POST /active/list 200 476 - 2.035 ms
[logger] 2021-07-01T09:02:00.147Z POST /search/hot/list 200 296 - 1.492 ms
[logger] 2021-07-01T09:02:00.158Z POST /search/hot/list 200 296 - 1.607 ms
[logger] 2021-07-01T09:02:00.182Z POST /cart/list 200 73 - 3.548 ms
[logger] 2021-07-01T09:02:00.195Z POST /cart/count 200 63 - 1.455 ms
[logger] 2021-07-01T09:02:00.212Z POST /cart/list 200 73 - 1.945 ms
[logger] 2021-07-01T09:02:00.245Z POST /cart/count 200 63 - 1.793 ms
[logger] 2021-07-01T09:02:00.275Z POST /product/salesList 200 83 - 2.313 ms
[logger] 2021-07-01T09:02:00.332Z POST /active/list 200 476 - 1.857 ms
[logger] 2021-07-01T09:02:00.356Z POST /product/salesList 200 83 - 2.332 ms
[logger] 2021-07-01T09:02:52.307Z POST /user/wxLogin 200 340 - 417.845 ms
[logger] 2021-07-01T09:02:52.589Z POST /cart/list 200 73 - 1.354 ms
[logger] 2021-07-01T09:02:52.606Z POST /cart/count 200 63 - 2.445 ms
[logger] 2021-07-01T09:02:52.623Z POST /sys/banner 200 399 - 1.529 ms
[logger] 2021-07-01T09:02:52.638Z POST /product/listByRecommend 200 2528 - 3.406 ms
[logger] 2021-07-01T09:02:52.654Z POST /active/list 200 476 - 1.644 ms
[logger] 2021-07-01T09:02:52.668Z POST /search/hot/list 200 296 - 1.873 ms
[logger] 2021-07-01T09:02:52.685Z POST /search/hot/list 200 296 - 1.710 ms
[logger] 2021-07-01T09:02:52.707Z POST /cart/list 200 73 - 1.925 ms
[logger] 2021-07-01T09:02:52.724Z POST /cart/count 200 63 - 1.469 ms
[logger] 2021-07-01T09:02:52.742Z POST /cart/list 200 73 - 2.348 ms
[logger] 2021-07-01T09:02:52.794Z POST /cart/count 200 63 - 2.869 ms
[logger] 2021-07-01T09:02:52.836Z POST /product/salesList 200 83 - 2.181 ms
[logger] 2021-07-01T09:02:53.276Z POST /active/list 200 476 - 1.901 ms
[logger] 2021-07-01T09:02:53.317Z POST /product/salesList 200 83 - 2.057 ms
[logger] 2021-07-01T09:02:56.146Z POST /sort/list 200 456 - 1.937 ms
[logger] 2021-07-01T09:02:56.161Z POST /classify/list 200 432 - 1.932 ms
[logger] 2021-07-01T09:02:56.196Z POST /product/listByClassify 200 834 - 3.381 ms
[logger] 2021-07-01T09:06:21.074Z POST /sort/list 200 456 - 1.697 ms
[logger] 2021-07-01T09:06:21.091Z POST /classify/list 200 432 - 2.072 ms
[logger] 2021-07-01T09:06:21.126Z POST /product/listByClassify 200 834 - 4.458 ms
[logger] 2021-07-01T09:06:34.519Z POST /user/wxLogin 200 340 - 331.145 ms
[logger] 2021-07-01T09:06:34.755Z POST /cart/list 200 73 - 2.060 ms
[logger] 2021-07-01T09:06:34.778Z POST /cart/count 200 63 - 2.556 ms
[logger] 2021-07-01T09:06:34.793Z POST /sys/banner 200 399 - 1.763 ms
[logger] 2021-07-01T09:06:34.812Z POST /product/listByRecommend 200 2528 - 4.771 ms
[logger] 2021-07-01T09:06:34.828Z POST /active/list 200 476 - 2.015 ms
[logger] 2021-07-01T09:06:34.849Z POST /search/hot/list 200 296 - 1.072 ms
[logger] 2021-07-01T09:06:34.863Z POST /search/hot/list 200 296 - 2.262 ms
[logger] 2021-07-01T09:06:34.880Z POST /cart/list 200 73 - 1.748 ms
[logger] 2021-07-01T09:06:34.895Z POST /cart/count 200 63 - 1.689 ms
[logger] 2021-07-01T09:06:34.909Z POST /cart/list 200 73 - 1.720 ms
[logger] 2021-07-01T09:06:34.936Z POST /cart/count 200 63 - 1.582 ms
[logger] 2021-07-01T09:06:34.966Z POST /product/salesList 200 83 - 2.253 ms
[logger] 2021-07-01T09:06:35.022Z POST /active/list 200 476 - 2.276 ms
[logger] 2021-07-01T09:06:35.053Z POST /product/salesList 200 83 - 1.878 ms
[logger] 2021-07-01T09:06:52.690Z POST /sort/list 200 456 - 1.549 ms
[logger] 2021-07-01T09:06:52.713Z POST /classify/list 200 432 - 1.426 ms
[logger] 2021-07-01T09:06:52.758Z POST /product/listByClassify 200 834 - 3.581 ms
