[logger] 2021-06-10T03:24:36.028Z POST /api/user/wxLogin 401 38 - 186.202 ms
[logger] 2021-06-10T03:25:04.598Z POST /api/user/wxLogin 404 156 - 14.932 ms
[logger] 2021-06-10T03:25:20.070Z POST /api/user/wxLogin 401 38 - 17.197 ms
[logger] 2021-06-10T03:26:00.029Z POST /api/user/wxLogin 401 38 - 21.085 ms
[logger] 2021-06-10T03:27:18.232Z POST /user/wxLogin 200 340 - 1279.055 ms
[logger] 2021-06-10T03:27:18.545Z POST /cart/list 200 1110 - 43.009 ms
[logger] 2021-06-10T03:27:18.557Z POST /cart/count 200 63 - 31.596 ms
[logger] 2021-06-10T03:27:18.557Z POST /sys/banner 200 399 - 11.691 ms
[logger] 2021-06-10T03:27:18.582Z POST /product/listByRecommend 200 6583 - 13.586 ms
[logger] 2021-06-10T03:27:18.589Z POST /active/list 200 476 - 3.179 ms
[logger] 2021-06-10T03:27:18.610Z POST /search/hot/list 200 296 - 5.442 ms
[logger] 2021-06-10T03:27:18.624Z POST /search/hot/list 200 296 - 2.295 ms
[logger] 2021-06-10T03:27:18.649Z POST /cart/list 200 1110 - 3.745 ms
[logger] 2021-06-10T03:27:18.668Z POST /cart/count 200 63 - 1.806 ms
[logger] 2021-06-10T03:27:18.691Z POST /cart/list 200 1110 - 2.261 ms
[logger] 2021-06-10T03:27:18.907Z POST /cart/count 200 63 - 2.476 ms
[logger] 2021-06-10T03:27:19.002Z POST /product/salesList 200 2515 - 7.786 ms
[logger] 2021-06-10T03:27:19.061Z POST /active/list 200 476 - 2.581 ms
[logger] 2021-06-10T03:27:19.099Z POST /product/salesList 200 2515 - 5.567 ms
[logger] 2021-06-10T03:27:34.244Z POST /user/wxLogin 200 340 - 1786.137 ms
[logger] 2021-06-10T03:27:34.403Z POST /cart/list 200 1110 - 2.001 ms
[logger] 2021-06-10T03:27:34.460Z POST /cart/count 200 63 - 1.792 ms
[logger] 2021-06-10T03:27:34.473Z POST /sys/banner 200 399 - 1.494 ms
[logger] 2021-06-10T03:27:34.494Z POST /product/listByRecommend 200 6583 - 4.200 ms
[logger] 2021-06-10T03:27:34.506Z POST /active/list 200 476 - 1.862 ms
[logger] 2021-06-10T03:27:34.522Z POST /search/hot/list 200 296 - 1.867 ms
[logger] 2021-06-10T03:27:34.539Z POST /search/hot/list 200 296 - 1.874 ms
[logger] 2021-06-10T03:27:34.581Z POST /cart/list 200 1110 - 2.885 ms
[logger] 2021-06-10T03:27:34.595Z POST /cart/count 200 63 - 1.229 ms
[logger] 2021-06-10T03:27:34.618Z POST /cart/list 200 1110 - 2.062 ms
[logger] 2021-06-10T03:27:34.659Z POST /cart/count 200 63 - 1.845 ms
[logger] 2021-06-10T03:27:34.708Z POST /product/salesList 200 2515 - 6.184 ms
[logger] 2021-06-10T03:27:34.807Z POST /active/list 200 476 - 3.252 ms
[logger] 2021-06-10T03:27:34.845Z POST /product/salesList 200 2515 - 4.516 ms
[logger] 2021-06-10T03:28:22.287Z POST /api/user/wxLogin 404 156 - 2.041 ms
[logger] 2021-06-10T03:28:44.813Z POST /api/user/wxLogin 404 156 - 0.730 ms
[logger] 2021-06-10T03:29:09.789Z POST /api/user/wxLogin 404 156 - 0.800 ms
[logger] 2021-06-10T05:40:07.315Z POST /api/user/wxLogin 404 156 - 137.079 ms
[logger] 2021-06-10T05:42:20.406Z POST /user/wxLogin 200 340 - 677.879 ms
[logger] 2021-06-10T05:42:20.579Z POST /cart/list 200 1110 - 37.136 ms
[logger] 2021-06-10T05:42:20.582Z POST /cart/count 200 63 - 18.366 ms
[logger] 2021-06-10T05:42:20.621Z POST /sys/banner 200 399 - 2.774 ms
[logger] 2021-06-10T05:42:20.636Z POST /product/listByRecommend 200 6583 - 6.657 ms
[logger] 2021-06-10T05:42:20.648Z POST /active/list 200 476 - 3.216 ms
[logger] 2021-06-10T05:42:20.687Z POST /search/hot/list 200 296 - 4.979 ms
[logger] 2021-06-10T05:42:20.784Z POST /search/hot/list 200 296 - 3.952 ms
[logger] 2021-06-10T05:42:20.833Z POST /cart/list 200 1110 - 6.139 ms
[logger] 2021-06-10T05:42:20.873Z POST /cart/count 200 63 - 2.548 ms
[logger] 2021-06-10T05:42:20.916Z POST /cart/list 200 1110 - 4.759 ms
[logger] 2021-06-10T05:42:21.062Z POST /cart/count 200 63 - 2.799 ms
[logger] 2021-06-10T05:42:21.131Z POST /product/salesList 200 2515 - 6.590 ms
[logger] 2021-06-10T05:42:21.228Z POST /active/list 200 476 - 3.134 ms
[logger] 2021-06-10T05:42:21.706Z POST /product/salesList 200 2515 - 5.649 ms
[logger] 2021-06-10T05:42:29.929Z POST /api/user/wxLogin 404 156 - 1.174 ms
[logger] 2021-06-10T05:42:36.614Z POST /user/wxLogin 200 340 - 263.165 ms
[logger] 2021-06-10T05:42:36.825Z POST /cart/list 200 1110 - 2.277 ms
[logger] 2021-06-10T05:42:36.881Z POST /cart/count 200 63 - 1.731 ms
[logger] 2021-06-10T05:42:36.893Z POST /sys/banner 200 399 - 1.524 ms
[logger] 2021-06-10T05:42:36.914Z POST /product/listByRecommend 200 6583 - 5.324 ms
[logger] 2021-06-10T05:42:36.925Z POST /active/list 200 476 - 1.981 ms
[logger] 2021-06-10T05:42:36.955Z POST /search/hot/list 200 296 - 1.608 ms
[logger] 2021-06-10T05:42:36.973Z POST /search/hot/list 200 296 - 1.897 ms
[logger] 2021-06-10T05:42:36.995Z POST /cart/list 200 1110 - 2.241 ms
[logger] 2021-06-10T05:42:37.017Z POST /cart/count 200 63 - 1.814 ms
[logger] 2021-06-10T05:42:37.036Z POST /cart/list 200 1110 - 2.905 ms
[logger] 2021-06-10T05:42:37.071Z POST /cart/count 200 63 - 1.693 ms
[logger] 2021-06-10T05:42:37.118Z POST /product/salesList 200 2515 - 4.227 ms
[logger] 2021-06-10T05:42:37.531Z POST /active/list 200 476 - 3.584 ms
[logger] 2021-06-10T05:42:37.578Z POST /product/salesList 200 2515 - 6.485 ms
[logger] 2021-06-10T06:59:47.792Z POST /api/user/wxLogin 401 38 - 2.881 ms
[logger] 2021-06-10T07:03:39.993Z POST /api/user/wxLogin 401 38 - 17.120 ms
[logger] 2021-06-10T07:03:48.848Z POST /api/user/wxLogin 401 38 - 17.286 ms
[logger] 2021-06-10T07:18:51.158Z POST /api/user/wxLogin 404 156 - 14.440 ms
[logger] 2021-06-10T07:19:53.259Z GET /api/user/wxLogin 404 155 - 1.329 ms
[logger] 2021-06-10T07:19:53.361Z GET /favicon.ico 404 150 - 0.368 ms
[logger] 2021-06-10T07:20:49.378Z GET /api/user/wxLogin 404 155 - 0.762 ms
[logger] 2021-06-10T07:20:57.105Z POST /api/user/wxLogin 404 156 - 0.327 ms
[logger] 2021-06-10T07:22:15.116Z POST /api/user/wxLogin 404 156 - 0.426 ms
[logger] 2021-06-10T07:22:20.526Z POST /user/wxLogin 200 295 - 1223.149 ms
[logger] 2021-06-10T07:24:44.205Z POST /api/user/wxLogin 401 38 - 21.023 ms
[logger] 2021-06-10T07:25:05.267Z POST /api/user/wxLogin 401 38 - 0.493 ms
[logger] 2021-06-10T07:25:20.930Z POST /api/user/wxLogin 404 156 - 16.972 ms
[logger] 2021-06-10T07:25:50.366Z GET / 404 139 - 0.651 ms
[logger] 2021-06-10T07:26:02.155Z GET / 404 139 - 0.390 ms
[logger] 2021-06-10T07:26:48.015Z GET /api/ 404 143 - 0.338 ms
[logger] 2021-06-10T07:26:51.312Z GET /api/ 404 143 - 0.266 ms
[logger] 2021-06-10T07:27:59.725Z POST /user/wxLogin 200 340 - 311.512 ms
[logger] 2021-06-10T07:28:00.273Z POST /cart/list 200 1110 - 281.282 ms
[logger] 2021-06-10T07:28:00.273Z POST /cart/count 200 63 - 257.862 ms
[logger] 2021-06-10T07:28:00.279Z POST /sys/banner 200 399 - 201.536 ms
[logger] 2021-06-10T07:28:00.283Z POST /active/list 200 476 - 170.924 ms
[logger] 2021-06-10T07:28:00.286Z POST /search/hot/list 200 296 - 161.819 ms
[logger] 2021-06-10T07:28:00.294Z POST /product/listByRecommend 200 6583 - 203.116 ms
[logger] 2021-06-10T07:28:00.436Z POST /search/hot/list 200 296 - 6.039 ms
[logger] 2021-06-10T07:28:00.436Z POST /cart/list 200 1110 - 7.451 ms
[logger] 2021-06-10T07:28:00.441Z POST /cart/count 200 63 - 3.886 ms
[logger] 2021-06-10T07:28:00.442Z POST /cart/list 200 1110 - 3.496 ms
[logger] 2021-06-10T07:28:00.551Z POST /cart/count 200 63 - 2.951 ms
[logger] 2021-06-10T07:28:00.598Z POST /product/salesList 200 2515 - 6.533 ms
[logger] 2021-06-10T07:28:01.498Z POST /active/list 200 476 - 2.428 ms
[logger] 2021-06-10T07:28:01.998Z POST /product/salesList 200 2515 - 3.507 ms
[logger] 2021-06-10T07:29:13.380Z POST /api//user/wxLogin 404 157 - 0.952 ms
[logger] 2021-06-10T07:29:23.010Z POST /api/user/wxLogin 404 156 - 0.632 ms
[logger] 2021-06-10T07:29:34.117Z POST /api/user/wxLogin 404 156 - 1.470 ms
[logger] 2021-06-10T07:35:52.005Z POST /api//user/wxLogin 404 157 - 0.767 ms
[logger] 2021-06-10T07:36:06.819Z POST /api/user/wxLogin 404 156 - 0.629 ms
[logger] 2021-06-10T07:43:56.200Z POST /api/user/wxLogin 404 156 - 0.516 ms
[logger] 2021-06-10T07:43:56.205Z POST /api/user/wxLogin 404 156 - 0.660 ms
[logger] 2021-06-10T07:44:05.641Z POST /user/wxLogin 200 340 - 397.807 ms
[logger] 2021-06-10T07:44:05.784Z POST /cart/list 200 1110 - 1.882 ms
[logger] 2021-06-10T07:44:05.806Z POST /cart/count 200 63 - 1.241 ms
[logger] 2021-06-10T07:44:05.865Z POST /sys/banner 200 399 - 1.273 ms
[logger] 2021-06-10T07:44:05.885Z POST /product/listByRecommend 200 6583 - 3.277 ms
[logger] 2021-06-10T07:44:05.900Z POST /active/list 200 476 - 1.735 ms
[logger] 2021-06-10T07:44:05.917Z POST /search/hot/list 200 296 - 1.466 ms
[logger] 2021-06-10T07:44:05.937Z POST /search/hot/list 200 296 - 1.561 ms
[logger] 2021-06-10T07:44:05.967Z POST /cart/list 200 1110 - 3.064 ms
[logger] 2021-06-10T07:44:05.986Z POST /cart/count 200 63 - 1.494 ms
[logger] 2021-06-10T07:44:06.009Z POST /cart/list 200 1110 - 2.165 ms
[logger] 2021-06-10T07:44:06.049Z POST /cart/count 200 63 - 1.418 ms
[logger] 2021-06-10T07:44:06.092Z POST /product/salesList 200 2515 - 3.856 ms
[logger] 2021-06-10T07:44:06.179Z POST /active/list 200 476 - 2.293 ms
[logger] 2021-06-10T07:44:06.229Z POST /product/salesList 200 2515 - 3.379 ms
[logger] 2021-06-10T07:55:40.997Z POST /api/user/wxLogin 404 156 - 0.707 ms
[logger] 2021-06-10T07:56:49.323Z POST /api/user/wxLogin 404 156 - 1.629 ms
[logger] 2021-06-10T08:03:32.363Z POST //user/wxLogin 404 153 - 0.496 ms
