[logger] 2021-06-11T00:11:28.208Z POST /user/wxLogin 200 340 - 494.234 ms
[logger] 2021-06-11T00:11:28.408Z POST /cart/list 200 1110 - 14.673 ms
[logger] 2021-06-11T00:11:28.423Z POST /cart/count 200 63 - 2.401 ms
[logger] 2021-06-11T00:11:28.464Z POST /sys/banner 200 399 - 2.173 ms
[logger] 2021-06-11T00:11:28.534Z POST /product/listByRecommend 200 6583 - 21.494 ms
[logger] 2021-06-11T00:11:28.539Z POST /active/list 200 476 - 3.469 ms
[logger] 2021-06-11T00:11:28.566Z POST /search/hot/list 200 296 - 4.031 ms
[logger] 2021-06-11T00:11:28.584Z POST /search/hot/list 200 296 - 1.384 ms
[logger] 2021-06-11T00:11:28.612Z POST /cart/list 200 1110 - 1.852 ms
[logger] 2021-06-11T00:11:28.630Z POST /cart/count 200 63 - 1.485 ms
[logger] 2021-06-11T00:11:28.658Z POST /cart/list 200 1110 - 1.932 ms
[logger] 2021-06-11T00:11:28.781Z POST /cart/count 200 63 - 2.137 ms
[logger] 2021-06-11T00:11:28.905Z POST /product/salesList 200 2515 - 4.992 ms
[logger] 2021-06-11T00:11:29.294Z POST /active/list 200 476 - 1.755 ms
[logger] 2021-06-11T00:11:29.429Z POST /product/salesList 200 2515 - 3.335 ms
[logger] 2021-06-11T00:26:18.346Z POST /user/wxLogin 200 340 - 625.462 ms
[logger] 2021-06-11T00:26:18.538Z POST /cart/list 200 1110 - 52.518 ms
[logger] 2021-06-11T00:26:18.539Z POST /cart/count 200 63 - 34.985 ms
[logger] 2021-06-11T00:26:18.579Z POST /sys/banner 200 399 - 5.236 ms
[logger] 2021-06-11T00:26:18.621Z POST /product/listByRecommend 200 6583 - 14.810 ms
[logger] 2021-06-11T00:26:18.658Z POST /active/list 200 476 - 4.020 ms
[logger] 2021-06-11T00:26:18.690Z POST /search/hot/list 200 296 - 5.944 ms
[logger] 2021-06-11T00:26:18.737Z POST /search/hot/list 200 296 - 2.004 ms
[logger] 2021-06-11T00:26:19.093Z POST /cart/list 200 1110 - 7.909 ms
[logger] 2021-06-11T00:26:19.697Z POST /cart/count 200 63 - 1.941 ms
[logger] 2021-06-11T00:26:20.152Z POST /cart/list 200 1110 - 1.802 ms
[logger] 2021-06-11T00:26:20.493Z POST /cart/count 200 63 - 2.725 ms
[logger] 2021-06-11T00:26:20.509Z POST /active/list 200 476 - 2.179 ms
[logger] 2021-06-11T00:26:20.594Z POST /product/salesList 200 2515 - 5.216 ms
[logger] 2021-06-11T00:26:20.632Z POST /product/salesList 200 2515 - 4.418 ms
[logger] 2021-06-11T00:26:39.021Z POST /user/wxLogin 200 340 - 312.975 ms
[logger] 2021-06-11T00:26:39.185Z POST /cart/list 200 1110 - 2.742 ms
[logger] 2021-06-11T00:26:39.208Z POST /cart/count 200 63 - 1.763 ms
[logger] 2021-06-11T00:26:39.259Z POST /sys/banner 200 399 - 1.582 ms
[logger] 2021-06-11T00:26:39.280Z POST /product/listByRecommend 200 6583 - 3.436 ms
[logger] 2021-06-11T00:26:39.304Z POST /active/list 200 476 - 2.885 ms
[logger] 2021-06-11T00:26:39.308Z POST /search/hot/list 200 296 - 1.460 ms
[logger] 2021-06-11T00:26:39.328Z POST /search/hot/list 200 296 - 1.726 ms
[logger] 2021-06-11T00:26:39.354Z POST /cart/list 200 1110 - 2.964 ms
[logger] 2021-06-11T00:26:39.385Z POST /cart/count 200 63 - 1.591 ms
[logger] 2021-06-11T00:26:39.412Z POST /cart/list 200 1110 - 2.310 ms
[logger] 2021-06-11T00:26:39.440Z POST /cart/count 200 63 - 2.661 ms
[logger] 2021-06-11T00:26:39.541Z POST /product/salesList 200 2515 - 3.990 ms
[logger] 2021-06-11T00:26:39.610Z POST /active/list 200 476 - 2.283 ms
[logger] 2021-06-11T00:26:39.664Z POST /product/salesList 200 2515 - 4.663 ms
[logger] 2021-06-11T00:28:23.881Z POST /user/wxLogin 200 340 - 305.887 ms
[logger] 2021-06-11T00:28:24.092Z POST /cart/list 200 1110 - 7.704 ms
[logger] 2021-06-11T00:28:24.173Z POST /cart/count 200 63 - 3.173 ms
[logger] 2021-06-11T00:28:24.194Z POST /sys/banner 200 399 - 4.692 ms
[logger] 2021-06-11T00:28:24.221Z POST /product/listByRecommend 200 6583 - 5.398 ms
[logger] 2021-06-11T00:28:24.249Z POST /active/list 200 476 - 6.962 ms
[logger] 2021-06-11T00:28:24.266Z POST /search/hot/list 200 296 - 2.821 ms
[logger] 2021-06-11T00:28:24.288Z POST /search/hot/list 200 296 - 2.205 ms
[logger] 2021-06-11T00:28:24.324Z POST /cart/list 200 1110 - 4.015 ms
[logger] 2021-06-11T00:28:24.347Z POST /cart/count 200 63 - 1.750 ms
[logger] 2021-06-11T00:28:24.372Z POST /cart/list 200 1110 - 2.183 ms
[logger] 2021-06-11T00:28:24.414Z POST /cart/count 200 63 - 2.052 ms
[logger] 2021-06-11T00:28:24.463Z POST /product/salesList 200 2515 - 5.233 ms
[logger] 2021-06-11T00:28:24.578Z POST /active/list 200 476 - 2.797 ms
[logger] 2021-06-11T00:28:24.635Z POST /product/salesList 200 2515 - 7.331 ms
[logger] 2021-06-11T06:05:52.554Z POST /user/wxLogin 200 340 - 974.129 ms
[logger] 2021-06-11T06:05:52.888Z POST /cart/list 200 1110 - 138.606 ms
[logger] 2021-06-11T06:05:52.891Z POST /cart/count 200 63 - 120.808 ms
[logger] 2021-06-11T06:05:52.901Z POST /sys/banner 200 399 - 6.363 ms
[logger] 2021-06-11T06:05:53.036Z POST /active/list 200 476 - 130.734 ms
[logger] 2021-06-11T06:05:53.046Z POST /product/listByRecommend 200 6583 - 147.701 ms
[logger] 2021-06-11T06:05:53.066Z POST /search/hot/list 200 296 - 19.828 ms
[logger] 2021-06-11T06:05:53.067Z POST /search/hot/list 200 296 - 16.288 ms
[logger] 2021-06-11T06:05:53.077Z POST /cart/list 200 1110 - 5.966 ms
[logger] 2021-06-11T06:05:53.079Z POST /cart/count 200 63 - 4.462 ms
[logger] 2021-06-11T06:05:53.086Z POST /cart/list 200 1110 - 3.424 ms
[logger] 2021-06-11T06:05:53.089Z POST /cart/count 200 63 - 3.282 ms
[logger] 2021-06-11T06:05:53.104Z POST /active/list 200 476 - 7.908 ms
[logger] 2021-06-11T06:05:53.109Z POST /product/salesList 200 2515 - 14.686 ms
[logger] 2021-06-11T06:05:53.143Z POST /product/salesList 200 2515 - 5.672 ms
